/home/hitnslab/tornado/run_log/log_tornado.log
this mysql username is not root
this mysql username is not root
this mysql username is not root
updata stu_score_count
updata stu_score_count is ok
updata stu_sleep_count
updata stu_sleep_count is ok
updata mysql is ok
start tornado and updata_mysql
run in linux
/home/hitnslab/tornado/run_log/log_tornado.log
this mysql username is not root
this mysql username is not root
this mysql username is not root
/home/hitnslab/tornado/run_log/log_tornado.log
this mysql username is not root
this mysql username is not root
this mysql username is not root
/home/hitnslab/tornado/run_log/log_tornado.log
this mysql username is not root
this mysql username is not root
this mysql username is not root
/home/hitnslab/tornado/run_log/log_tornado.log
this mysql username is not root
this mysql username is not root
this mysql username is not root
/home/hitnslab/tornado/run_log/log_tornado.log
this mysql username is not root
this mysql username is not root
this mysql username is not root
updata stu_cost_count
updata stu_cost_count is ok
updata stu_score_count
updata stu_score_count is ok
updata stu_sleep_count
updata stu_sleep_count is ok
updata mysql is ok
start tornado and updata_mysql
run in linux
/home/hitnslab/tornado/run_log/log_tornado.log
this mysql username is not root
this mysql username is not root
this mysql username is not root
updata stu_cost_count
updata stu_cost_count is ok
updata stu_score_count
updata stu_score_count is ok
updata stu_sleep_count
updata stu_sleep_count is ok
updata mysql is ok
start tornado and updata_mysql
run in linux
start tornado
/home/hitnslab/tornado/run_log/log_tornado.log
this mysql username is not root
this mysql username is not root
this mysql username is not root
updata stu_cost_count
updata stu_cost_count is ok
updata stu_score_count
updata stu_score_count is ok
updata stu_sleep_count
updata stu_sleep_count is ok
updata mysql is ok
start tornado and updata_mysql
run in linux
/home/hitnslab/tornado/run_log/log_tornado.log
this mysql username is not root
this mysql username is not root
this mysql username is not root
updata stu_cost_count
updata stu_cost_count is ok
updata stu_score_count
updata stu_score_count is ok
updata stu_sleep_count
updata stu_sleep_count is ok
updata mysql is ok
start tornado and updata_mysql
run in linux
/home/hitnslab/tornado/run_log/log_tornado.log
this mysql username is not root
this mysql username is not root
this mysql username is not root
updata stu_cost_count
updata stu_cost_count is ok
updata stu_score_count
updata stu_score_count is ok
updata stu_sleep_count
updata stu_sleep_count is ok
updata mysql is ok
start tornado and updata_mysql
run in linux
/home/hitnslab/tornado/run_log/log_tornado.log
this mysql username is not root
this mysql username is not root
this mysql username is not root
updata stu_cost_count
updata stu_cost_count is ok
updata stu_score_count
updata stu_score_count is ok
updata stu_sleep_count
updata stu_sleep_count is ok
updata mysql is ok
start tornado and updata_mysql
run in linux
